
> websocket-service@1.0.0 dev
> tsx watch index.ts


node:internal/modules/run_main:123
    triggerUncaughtException(
    ^
Error: Transform failed with 1 error:
/home/z/my-project/mini-services/websocket-service/index.ts:81:5: ERROR: Unexpected ")"
    at failureErrorWithLog (/home/z/my-project/mini-services/websocket-service/node_modules/esbuild/lib/main.js:1467:15)
    at /home/z/my-project/mini-services/websocket-service/node_modules/esbuild/lib/main.js:736:50
    at responseCallbacks.<computed> (/home/z/my-project/mini-services/websocket-service/node_modules/esbuild/lib/main.js:603:9)
    at handleIncomingPacket (/home/z/my-project/mini-services/websocket-service/node_modules/esbuild/lib/main.js:658:12)
    at Socket.readFromStdout (/home/z/my-project/mini-services/websocket-service/node_modules/esbuild/lib/main.js:581:7)
    at Socket.emit (node:events:519:28)
    at addChunk (node:internal/streams/readable:561:12)
    at readableAddChunkPushByteMode (node:internal/streams/readable:512:3)
    at Readable.push (node:internal/streams/readable:392:5)
    at Pipe.onStreamRead (node:internal/stream_base_commons:189:23) {
  name: 'TransformError'
}

Node.js v22.21.0
